common/build/outputs/logs/manifest-merger-debug-report.txt
-- Merging decision tree log ---
manifest
ADDED from MTK_AS_Camera2/common/AndroidManifest.xml:1:1-3:12
INJECTED from MTK_AS_Camera2/common/AndroidManifest.xml:1:1-3:12
INJECTED from MTK_AS_Camera2/common/AndroidManifest.xml:1:1-3:12
INJECTED from MTK_AS_Camera2/common/AndroidManifest.xml:1:1-3:12
INJECTED from MTK_AS_Camera2/common/AndroidManifest.xml:1:1-3:12
INJECTED from MTK_AS_Camera2/common/AndroidManifest.xml:1:1-3:12
INJECTED from MTK_AS_Camera2/common/AndroidManifest.xml:1:1-3:12
	package
		ADDED from MTK_AS_Camera2/common/AndroidManifest.xml:1:11-47
		INJECTED from MTK_AS_Camera2/common/AndroidManifest.xml
		INJECTED from MTK_AS_Camera2/common/AndroidManifest.xml
	android:versionName
		INJECTED from MTK_AS_Camera2/common/AndroidManifest.xml
		ADDED from MTK_AS_Camera2/common/AndroidManifest.xml:1:1-3:12
		INJECTED from MTK_AS_Camera2/common/AndroidManifest.xml
	xmlns:android
		ADDED from MTK_AS_Camera2/common/AndroidManifest.xml:1:1-3:12
	android:versionCode
		INJECTED from MTK_AS_Camera2/common/AndroidManifest.xml
		ADDED from MTK_AS_Camera2/common/AndroidManifest.xml:1:1-3:12
		INJECTED from MTK_AS_Camera2/common/AndroidManifest.xml
application
ADDED from MTK_AS_Camera2/common/AndroidManifest.xml:2:5-20
uses-sdk
INJECTED from MTK_AS_Camera2/common/AndroidManifest.xml reason: use-sdk injection requested
INJECTED from MTK_AS_Camera2/common/AndroidManifest.xml
INJECTED from MTK_AS_Camera2/common/AndroidManifest.xml
INJECTED from MTK_AS_Camera2/common/AndroidManifest.xml
INJECTED from MTK_AS_Camera2/common/AndroidManifest.xml
	android:targetSdkVersion
		INJECTED from MTK_AS_Camera2/common/AndroidManifest.xml
		ADDED from MTK_AS_Camera2/common/AndroidManifest.xml
		INJECTED from MTK_AS_Camera2/common/AndroidManifest.xml
	android:minSdkVersion
		INJECTED from MTK_AS_Camera2/common/AndroidManifest.xml
		ADDED from MTK_AS_Camera2/common/AndroidManifest.xml
		INJECTED from MTK_AS_Camera2/common/AndroidManifest.xml